INFO: Loading schematic data from /tmp/.tmpRh0qEl/netlist.json
INFO: Parsing JSON netlist from /tmp/.tmpRh0qEl/netlist.json
INFO: Found module hbt.C10 with layout_path: None
INFO: Found module imu.C5 with layout_path: None
INFO: Found module batman with layout_path: None
INFO: Found module cpu.C13 with layout_path: None
INFO: Found module cpu.antenna.C3 with layout_path: None
INFO: Found module hbt.C11 with layout_path: None
INFO: Found module cpu.C8 with layout_path: None
INFO: Found module TP1 with layout_path: None
INFO: Found module cpu.C4 with layout_path: None
INFO: Found module cpu.antenna.L2 with layout_path: None
INFO: Found module battery with layout_path: None
INFO: Found module tmp.C3 with layout_path: None
INFO: Found module batman.C34 with layout_path: None
INFO: Found module cpu.C12 with layout_path: None
INFO: Found module imu.C7 with layout_path: None
INFO: Found module cpu.C7 with layout_path: None
INFO: Found module cpu.C1 with layout_path: None
INFO: Found module cpu.C6 with layout_path: None
INFO: Found module cpu.C2 with layout_path: None
INFO: Found module cpu.X2 with layout_path: None
INFO: Found module imu with layout_path: None
INFO: Found module batman.C4 with layout_path: None
INFO: Found module cpu.C11 with layout_path: None
INFO: Found module mic with layout_path: None
INFO: Found module cpu.antenna with layout_path: None
INFO: Found module hbt.C8 with layout_path: None
INFO: Found module R1 with layout_path: None
INFO: Found module cpu with layout_path: None
INFO: Found module cpu.L1 with layout_path: None
INFO: Found module tmp with layout_path: None
INFO: Found module cpu.antenna.C4 with layout_path: None
INFO: Found module cpu.L2 with layout_path: None
INFO: Found module cpu.C5 with layout_path: None
INFO: Found module cpu.X1 with layout_path: None
INFO: Found module cpu.antenna.L1 with layout_path: None
INFO: Found module hbt with layout_path: None
INFO: Found module imu.C6 with layout_path: None
INFO: Found module batman.C11 with layout_path: None
INFO: Found module hbt.C9 with layout_path: None
INFO: Found module cpu.C9 with layout_path: None
INFO: Found module mic.C26 with layout_path: None
INFO: Found module cpu.C10 with layout_path: None
INFO: Found module R6 with layout_path: None
INFO: --------------------------------------------------------------------------------
INFO: Running step: SetupBoard
INFO: --------------------------------------------------------------------------------
INFO: Starting SetupBoard...
INFO: Completed SetupBoard in 0.000 seconds
INFO: --------------------------------------------------------------------------------
INFO: Running step: ApplyMovedPaths
INFO: --------------------------------------------------------------------------------
INFO: Starting ApplyMovedPaths...
INFO: No moved paths to apply
INFO: Completed ApplyMovedPaths in 0.000 seconds
INFO: --------------------------------------------------------------------------------
INFO: Running step: ImportNetlist
INFO: --------------------------------------------------------------------------------
INFO: Starting ImportNetlist...
DEBUG: Environment setup took 0.000 seconds
DEBUG: Footprint library map loading took 0.002 seconds
INFO: 93f94a35-099b-5eea-9243-a640a8819c49 (C27): Removing from board
INFO: ee68d577-cfe4-5ad4-abb1-926f6f0b3f09 (Q1): Removing from board
INFO: 380516bc-4a6a-577c-bcc6-7f0ef97462c1 (U8): Removing from board
INFO: 8ecdeb54-4f9b-55e8-991a-a5d84fb8fdb4 (R4): Removing from board
INFO: 22799189-3654-5a2e-a713-f8775cec8e25 (C3): Removing from board
INFO: e4e1d187-9ca0-5a53-ba82-c700d40a53ca (R5): Removing from board
INFO: f4a3fdcc-fee8-5d1d-93bb-f3df02d53599 (C28): Removing from board
INFO: 80c9642f-46c5-5631-bf83-c1ea5a9b98f1 (U2): Removing from board
INFO: bb1a363e-0250-5e18-a8ba-5d6cab5fd1fc (Q2): Removing from board
INFO: 3196de54-d670-51ec-86cd-4096fe36aca2 (C29): Removing from board
INFO: 19bdc466-beb6-56f1-8dc2-8304df35ec69 (C14): Updating metadata
INFO: 0dbf2a4e-154e-5776-ada1-d393ec718c93 (C13): Updating metadata
INFO: 8c1c7710-c072-5b96-a659-f3e473461043 (U2): Updating metadata
INFO: 59d4511c-fd6d-59a0-8a82-57f7670180de (C16): Updating metadata
INFO: d0116d06-f51f-52e6-8fc4-a08a1d69ef09 (C10): Updating metadata
INFO: 8af6d9cc-290d-5c92-8072-ab7bc0336f51 (MK1): Updating metadata
INFO: edb49511-de30-5815-9b59-0305e97593a9 (C1): Updating metadata
INFO: 09093937-27d2-59fc-a076-dd07bf402e5c (C5): Updating metadata
INFO: ab8cc31f-77b2-50c4-9604-d1d0ef7cd473 (C9): Updating metadata
INFO: 5a5460de-0ec8-5a58-adba-0b2f2d6115d1 (TP1): Updating metadata
INFO: 7da687fc-0ee2-5b21-8e86-00ba7cb4806d (U4): Updating metadata
INFO: e7ebe672-e169-520a-a7ef-2b7b634c4638 (C6): Updating metadata
INFO: 416ddbc4-8744-5d55-b101-44065736c16c (C18): Updating metadata
INFO: 199ae1c0-4261-5957-9ce4-45599981c23e (C12): Updating metadata
INFO: 6ed58d81-5652-58d5-8d58-a7d7e4bfdb10 (C22): Updating metadata
INFO: dbcb03e4-8339-52a9-bae2-4eb4dd235c56 (C24): Updating metadata
INFO: 0eabfc19-2f94-5e32-a124-2d617b24d696 (Y1): Updating metadata
INFO: 38e7e301-dc39-5862-bc4b-b6fea9380161 (C25): Updating metadata
INFO: 412ee531-6df4-5388-92bc-1d8c9dc60409 (BT1): Updating metadata
INFO: 9e949912-b10f-5667-bb8c-4bbdd6ff5bb7 (Y2): Updating metadata
INFO: 20e16c33-b60e-5548-8f05-d489f521c8ad (C19): Updating metadata
INFO: d764070e-82d7-5039-bce2-ab985bab38e4 (L2): Updating metadata
INFO: 2c44b001-58bf-5185-affe-24e9ae1f8040 (R3): Updating metadata
INFO: fbe92e9a-59bd-5512-b84c-1afa3474459d (C17): Updating metadata
INFO: 545cff0f-4285-5973-84c3-beb28c18cd33 (L3): Updating metadata
INFO: f3cc2a80-3520-5d90-bbfe-b0ee0a3ab4c3 (U3): Updating metadata
INFO: 1ede9d21-b2d6-5ccc-bd9a-ba80854b5432 (C20): Updating metadata
INFO: 4a6a413b-9c18-542a-88cc-ef04a41e5006 (C7): Updating metadata
INFO: 167b18ae-6e9a-50ba-bac4-30d84832da0f (C3): Updating metadata
INFO: 80d2b3f0-2f98-591f-b8dd-fc130ee4b327 (C4): Updating metadata
INFO: 153876f6-7ede-569c-8d84-68fba1e36cac (C2): Updating metadata
INFO: 26d2bc06-2b3b-5925-a9c7-551ea3e2dab5 (C21): Updating metadata
INFO: ecefed9c-8e8d-5b9e-8f27-d8f757b0143a (C11): Updating metadata
INFO: bf26c523-7924-5187-9103-f86a98452230 (U6): Updating metadata
INFO: f8c684c1-16c6-5af0-bb39-c9994e001b25 (J1): Updating metadata
INFO: d527c2b8-3606-5386-bbed-5a45ed7b31a6 (R1): Updating metadata
INFO: 163eae90-bfbf-5c19-8d10-264cbcf087ec (L1): Updating metadata
INFO: aee63c60-e7f8-55d6-a47f-49657dd7ba22 (C8): Updating metadata
INFO: e3f8af04-aa96-5287-8063-eb3ee7b408b6 (U5): Updating metadata
INFO: cdb2222f-f594-544c-8dc4-a9c59d6bd877 (C23): Updating metadata
INFO: a26a452f-5b49-5aa1-b218-e86dea99d17d (C15): Updating metadata
INFO: a69e19c5-1806-5675-b11c-2e778912274c (R2): Updating metadata
INFO: a5271560-d25e-59d8-967e-4aaa1726453d (L4): Updating metadata
INFO: fb3cca66-5243-56c5-a653-6378be380f40 (U1): Updating metadata
INFO: Footprint synchronization took 0.008 seconds
INFO: Adding net mic_data
INFO: Connecting pad MK1/1 to net mic_data
INFO: Connecting pad U2/14 to net mic_data
INFO: Adding net cpu.dcc
INFO: Connecting pad L1/1 to net cpu.dcc
INFO: Connecting pad U2/39 to net cpu.dcc
INFO: Adding net tmp_int
INFO: Connecting pad U6/3 to net tmp_int
INFO: Connecting pad U2/17 to net tmp_int
INFO: Adding net cpu.NC_2
INFO: Connecting pad U2/11 to net cpu.NC_2
INFO: Adding net cpu.xl2
INFO: Connecting pad Y2/3 to net cpu.xl2
INFO: Connecting pad C10/1 to net cpu.xl2
INFO: Connecting pad U2/3 to net cpu.xl2
INFO: Adding net NC_2
INFO: Connecting pad U2/34 to net NC_2
INFO: Adding net battery.vss
INFO: Connecting pad BT1/2 to net battery.vss
INFO: Adding net cpu.NC_4
INFO: Connecting pad U2/13 to net cpu.NC_4
INFO: Adding net cpu.dec1
INFO: Connecting pad C11/1 to net cpu.dec1
INFO: Connecting pad U2/1 to net cpu.dec1
INFO: Adding net cpu.xin
INFO: Connecting pad Y1/1 to net cpu.xin
INFO: Connecting pad C3/1 to net cpu.xin
INFO: Connecting pad U2/28 to net cpu.xin
INFO: Adding net cpu.xout
INFO: Connecting pad Y1/3 to net cpu.xout
INFO: Connecting pad C8/1 to net cpu.xout
INFO: Connecting pad U2/29 to net cpu.xout
INFO: Adding net cpu.antenna.n1
INFO: Connecting pad L3/2 to net cpu.antenna.n1
INFO: Connecting pad C15/1 to net cpu.antenna.n1
INFO: Connecting pad L4/1 to net cpu.antenna.n1
INFO: Adding net cpu.ant
INFO: Connecting pad L3/1 to net cpu.ant
INFO: Connecting pad U2/24 to net cpu.ant
INFO: Adding net cpu.xl1
INFO: Connecting pad Y2/1 to net cpu.xl1
INFO: Connecting pad C9/1 to net cpu.xl1
INFO: Connecting pad U2/2 to net cpu.xl1
INFO: Adding net imu.NC
INFO: Connecting pad U4/10 to net imu.NC
INFO: Adding net imu.NC_2
INFO: Connecting pad U4/11 to net imu.NC_2
INFO: Adding net batman.bin
INFO: Connecting pad U1/B1 to net batman.bin
INFO: Connecting pad R3/1 to net batman.bin
INFO: Adding net imu_int1
INFO: Connecting pad U4/4 to net imu_int1
INFO: Connecting pad U2/32 to net imu_int1
INFO: Adding net NC_3
INFO: Connecting pad U2/35 to net NC_3
INFO: Adding net cpu.dec3
INFO: Connecting pad C12/1 to net cpu.dec3
INFO: Connecting pad U2/27 to net cpu.dec3
INFO: Adding net GND
INFO: Connecting pad U1/B2 to net GND
INFO: Connecting pad U1/C1 to net GND
INFO: Connecting pad C1/2 to net GND
INFO: Connecting pad C2/2 to net GND
INFO: Connecting pad R3/2 to net GND
INFO: Connecting pad U3/4 to net GND
INFO: Connecting pad U3/12 to net GND
INFO: Connecting pad C19/2 to net GND
INFO: Connecting pad C20/2 to net GND
INFO: Connecting pad C17/2 to net GND
INFO: Connecting pad C18/2 to net GND
INFO: Connecting pad U6/2 to net GND
INFO: Connecting pad C25/2 to net GND
INFO: Connecting pad MK1/5 to net GND
INFO: Connecting pad MK1/4 to net GND
INFO: Connecting pad C24/2 to net GND
INFO: Connecting pad U4/3 to net GND
INFO: Connecting pad U4/2 to net GND
INFO: Connecting pad U4/1 to net GND
INFO: Connecting pad U4/6 to net GND
INFO: Connecting pad U4/7 to net GND
INFO: Connecting pad C21/2 to net GND
INFO: Connecting pad C22/2 to net GND
INFO: Connecting pad C23/2 to net GND
INFO: Connecting pad Y1/2 to net GND
INFO: Connecting pad Y1/4 to net GND
INFO: Connecting pad C3/2 to net GND
INFO: Connecting pad C8/2 to net GND
INFO: Connecting pad Y2/4 to net GND
INFO: Connecting pad Y2/2 to net GND
INFO: Connecting pad C9/2 to net GND
INFO: Connecting pad C10/2 to net GND
INFO: Connecting pad C15/2 to net GND
INFO: Connecting pad C16/2 to net GND
INFO: Connecting pad J1/2 to net GND
INFO: Connecting pad C11/2 to net GND
INFO: Connecting pad C12/2 to net GND
INFO: Connecting pad C13/2 to net GND
INFO: Connecting pad C14/2 to net GND
INFO: Connecting pad C4/2 to net GND
INFO: Connecting pad C5/2 to net GND
INFO: Connecting pad C6/2 to net GND
INFO: Connecting pad C7/2 to net GND
INFO: Connecting pad U2/37 to net GND
INFO: Connecting pad U2/41 to net GND
INFO: Connecting pad U2/25 to net GND
INFO: Connecting pad U2/10 to net GND
INFO: Connecting pad U5/2 to net GND
INFO: Adding net mic_clk
INFO: Connecting pad MK1/3 to net mic_clk
INFO: Connecting pad U2/15 to net mic_clk
INFO: Adding net sda
INFO: Connecting pad U1/A2 to net sda
INFO: Connecting pad U3/3 to net sda
INFO: Connecting pad U6/6 to net sda
INFO: Connecting pad U4/14 to net sda
INFO: Connecting pad R1/2 to net sda
INFO: Connecting pad U2/5 to net sda
INFO: Adding net swdio
INFO: Connecting pad U2/19 to net swdio
INFO: Connecting pad U5/3 to net swdio
INFO: Adding net imu_int2
INFO: Connecting pad U4/9 to net imu_int2
INFO: Connecting pad U2/31 to net imu_int2
INFO: Adding net VBATT
INFO: Connecting pad BT1/1 to net VBATT
INFO: Connecting pad U1/C3 to net VBATT
INFO: Connecting pad C1/1 to net VBATT
INFO: Connecting pad U3/10 to net VBATT
INFO: Connecting pad U3/9 to net VBATT
INFO: Connecting pad C17/1 to net VBATT
INFO: Connecting pad C18/1 to net VBATT
INFO: Adding net cpu.dcc_mid
INFO: Connecting pad L1/2 to net cpu.dcc_mid
INFO: Connecting pad L2/1 to net cpu.dcc_mid
INFO: Adding net hbt_int
INFO: Connecting pad U3/13 to net hbt_int
INFO: Connecting pad U2/7 to net hbt_int
INFO: Adding net batman.batman_vdd_out
INFO: Connecting pad U1/B3 to net batman.batman_vdd_out
INFO: Connecting pad C2/1 to net batman.batman_vdd_out
INFO: Adding net swdclk
INFO: Connecting pad U2/20 to net swdclk
INFO: Connecting pad U5/1 to net swdclk
INFO: Adding net rst
INFO: Connecting pad TP1/1 to net rst
INFO: Connecting pad U2/16 to net rst
INFO: Adding net cpu.antenna.n2
INFO: Connecting pad L4/2 to net cpu.antenna.n2
INFO: Connecting pad C16/1 to net cpu.antenna.n2
INFO: Connecting pad J1/1 to net cpu.antenna.n2
INFO: Adding net cpu.NC_3
INFO: Connecting pad U2/12 to net cpu.NC_3
INFO: Adding net nfc2
INFO: Connecting pad U2/23 to net nfc2
INFO: Adding net scl
INFO: Connecting pad U1/A3 to net scl
INFO: Connecting pad U3/2 to net scl
INFO: Connecting pad U6/1 to net scl
INFO: Connecting pad U4/13 to net scl
INFO: Connecting pad R2/2 to net scl
INFO: Connecting pad U2/4 to net scl
INFO: Adding net nfc1
INFO: Connecting pad U2/22 to net nfc1
INFO: Adding net NC
INFO: Connecting pad U2/33 to net NC
INFO: Adding net cpu.dec4_6
INFO: Connecting pad C13/1 to net cpu.dec4_6
INFO: Connecting pad C14/1 to net cpu.dec4_6
INFO: Connecting pad L2/2 to net cpu.dec4_6
INFO: Connecting pad U2/26 to net cpu.dec4_6
INFO: Connecting pad U2/38 to net cpu.dec4_6
INFO: Adding net cpu.NC
INFO: Connecting pad U2/21 to net cpu.NC
INFO: Adding net NC_4
INFO: Connecting pad U2/36 to net NC_4
INFO: Adding net hbt.NC
INFO: Connecting pad U3/1 to net hbt.NC
INFO: Connecting pad U3/7 to net hbt.NC
INFO: Connecting pad U3/8 to net hbt.NC
INFO: Connecting pad U3/14 to net hbt.NC
INFO: Connecting pad U3/6 to net hbt.NC
INFO: Connecting pad U3/5 to net hbt.NC
INFO: Adding net bat_low
INFO: Connecting pad U1/A1 to net bat_low
INFO: Connecting pad U2/6 to net bat_low
INFO: Adding net VDD
INFO: Connecting pad U1/C2 to net VDD
INFO: Connecting pad U3/11 to net VDD
INFO: Connecting pad C19/1 to net VDD
INFO: Connecting pad C20/1 to net VDD
INFO: Connecting pad U6/4 to net VDD
INFO: Connecting pad U6/5 to net VDD
INFO: Connecting pad C25/1 to net VDD
INFO: Connecting pad MK1/2 to net VDD
INFO: Connecting pad C24/1 to net VDD
INFO: Connecting pad U4/8 to net VDD
INFO: Connecting pad U4/12 to net VDD
INFO: Connecting pad U4/5 to net VDD
INFO: Connecting pad C21/1 to net VDD
INFO: Connecting pad C22/1 to net VDD
INFO: Connecting pad C23/1 to net VDD
INFO: Connecting pad R1/1 to net VDD
INFO: Connecting pad R2/1 to net VDD
INFO: Connecting pad C4/1 to net VDD
INFO: Connecting pad C5/1 to net VDD
INFO: Connecting pad C6/1 to net VDD
INFO: Connecting pad C7/1 to net VDD
INFO: Connecting pad U2/9 to net VDD
INFO: Connecting pad U2/18 to net VDD
INFO: Connecting pad U2/30 to net VDD
INFO: Connecting pad U2/40 to net VDD
INFO: Connecting pad U2/8 to net VDD
INFO: Net synchronization took 0.004 seconds
DEBUG: Will create group cpu.antenna with 5 children
DEBUG: Will create group imu with 4 children
DEBUG: Will create group mic with 2 children
DEBUG: Will create group batman with 4 children
DEBUG: Will create group hbt with 5 children
DEBUG: Will create group cpu with 18 children
DEBUG: Will create group tmp with 2 children
INFO: Using existing group: batman
INFO: Using existing group: cpu
INFO: Using existing group: cpu.antenna
INFO: Using existing group: hbt
INFO: Using existing group: imu
INFO: Using existing group: mic
INFO: Using existing group: tmp
DEBUG: Added C17 to group hbt
DEBUG: Added U6 to group tmp
DEBUG: Added C3 to group cpu
DEBUG: Added J1 to group cpu.antenna
DEBUG: Added C10 to group cpu
DEBUG: Added C16 to group cpu.antenna
DEBUG: Added MK1 to group mic
DEBUG: Added C23 to group imu
DEBUG: Added C7 to group cpu
DEBUG: Added C11 to group cpu
DEBUG: Added C24 to group mic
DEBUG: Added C18 to group hbt
DEBUG: Added C9 to group cpu
DEBUG: Added L4 to group cpu.antenna
DEBUG: Added C6 to group cpu
DEBUG: Added R3 to group batman
DEBUG: Added C4 to group cpu
DEBUG: Added U3 to group hbt
DEBUG: Added C15 to group cpu.antenna
DEBUG: Added L1 to group cpu
DEBUG: Added C2 to group batman
DEBUG: Added U1 to group batman
DEBUG: Added C14 to group cpu
DEBUG: Added C21 to group imu
DEBUG: Added C1 to group batman
DEBUG: Added C25 to group tmp
DEBUG: Added U2 to group cpu
DEBUG: Added C8 to group cpu
DEBUG: Added C12 to group cpu
DEBUG: Added Y2 to group cpu
DEBUG: Added C19 to group hbt
DEBUG: Added C22 to group imu
DEBUG: Added C20 to group hbt
DEBUG: Added L3 to group cpu.antenna
DEBUG: Added C5 to group cpu
DEBUG: Added U4 to group imu
DEBUG: Added Y1 to group cpu
DEBUG: Added C13 to group cpu
DEBUG: Added L2 to group cpu
INFO: Removing empty group: vreg
INFO: Group synchronization took 0.003 seconds
DEBUG: Board refresh took 0.000 seconds
INFO: Virtual DOM building took 0.003 seconds
INFO: Virtual DOM structure:
INFO: Board VirtualBoundingBox(x=118200000, y=79922500, width=49650000, height=6302500)
  R1 VirtualBoundingBox(x=148525000, y=82425000, width=1450000, height=750000)
    R1.R (R_0201_0603Metric:R_0201_0603Metric) VirtualBoundingBox(x=148525000, y=82425000, width=1450000, height=750000)
  R6 VirtualBoundingBox(x=149925000, y=82425000, width=1450000, height=750000)
    R6.R (R_0201_0603Metric:R_0201_0603Metric) VirtualBoundingBox(x=149925000, y=82425000, width=1450000, height=750000)
  TP1 VirtualBoundingBox(x=135525000, y=80225000, width=2050000, height=2050000)
    TP1.TP (TestPoint_Pad_D1.0mm:TestPoint_Pad_D1.0mm) VirtualBoundingBox(x=135525000, y=80225000, width=2050000, height=2050000)
  batman VirtualBoundingBox(x=161777500, y=80225000, width=5247500, height=2735000)
    batman.C11 VirtualBoundingBox(x=165575000, y=80225000, width=1450000, height=750000)
      batman.C11.R (R_0201_0603Metric:R_0201_0603Metric) VirtualBoundingBox(x=165575000, y=80225000, width=1450000, height=750000)
    batman.C34 VirtualBoundingBox(x=161777500, y=80237500, width=1450000, height=750000)
      batman.C34.C (C_0201_0603Metric:C_0201_0603Metric) VirtualBoundingBox(x=161777500, y=80237500, width=1450000, height=750000)
    batman.C4 VirtualBoundingBox(x=161777500, y=80937500, width=1450000, height=750000)
      batman.C4.C (C_0201_0603Metric:C_0201_0603Metric) VirtualBoundingBox(x=161777500, y=80937500, width=1450000, height=750000)
    batman.U6 (BGA-9_1.6x1.6mm_Layout3x3_P0.5mm:BGA-9_1.6x1.6mm_Layout3x3_P0.5mm) VirtualBoundingBox(x=163175000, y=80225000, width=2735000, height=2735000)
  battery VirtualBoundingBox(x=164950000, y=80975000, width=2500000, height=4250000)
    battery.BT1 (Battery:Battery) VirtualBoundingBox(x=164950000, y=80975000, width=2500000, height=4250000)
  cpu VirtualBoundingBox(x=118225000, y=79975000, width=29970000, height=6250000)
    cpu.C1 VirtualBoundingBox(x=135475000, y=82275000, width=750000, height=1450000)
      cpu.C1.C (C_0201_0603Metric:C_0201_0603Metric) VirtualBoundingBox(x=135475000, y=82275000, width=750000, height=1450000)
    cpu.C10 VirtualBoundingBox(x=144245000, y=80045000, width=3010000, height=1510000)
      cpu.C10.C (C_0603_1608Metric:C_0603_1608Metric) VirtualBoundingBox(x=144245000, y=80045000, width=3010000, height=1510000)
    cpu.C11 VirtualBoundingBox(x=146765000, y=84165000, width=970000, height=1870000)
      cpu.C11.C (C_0402_1005Metric:C_0402_1005Metric) VirtualBoundingBox(x=146765000, y=84165000, width=970000, height=1870000)
    cpu.C12 VirtualBoundingBox(x=136975000, y=85275000, width=1450000, height=750000)
      cpu.C12.C (C_0201_0603Metric:C_0201_0603Metric) VirtualBoundingBox(x=136975000, y=85275000, width=1450000, height=750000)
    cpu.C13 VirtualBoundingBox(x=136975000, y=80175000, width=1450000, height=750000)
      cpu.C13.C (C_0201_0603Metric:C_0201_0603Metric) VirtualBoundingBox(x=136975000, y=80175000, width=1450000, height=750000)
    cpu.C2 VirtualBoundingBox(x=135575000, y=85275000, width=1450000, height=750000)
      cpu.C2.C (C_0201_0603Metric:C_0201_0603Metric) VirtualBoundingBox(x=135575000, y=85275000, width=1450000, height=750000)
    cpu.C4 VirtualBoundingBox(x=145275000, y=85275000, width=1450000, height=750000)
      cpu.C4.C (C_0201_0603Metric:C_0201_0603Metric) VirtualBoundingBox(x=145275000, y=85275000, width=1450000, height=750000)
    cpu.C5 VirtualBoundingBox(x=145975000, y=83025000, width=750000, height=1450000)
      cpu.C5.C (C_0201_0603Metric:C_0201_0603Metric) VirtualBoundingBox(x=145975000, y=83025000, width=750000, height=1450000)
    cpu.C6 VirtualBoundingBox(x=143875000, y=85275000, width=1450000, height=750000)
      cpu.C6.C (C_0201_0603Metric:C_0201_0603Metric) VirtualBoundingBox(x=143875000, y=85275000, width=1450000, height=750000)
    cpu.C7 VirtualBoundingBox(x=135475000, y=83725000, width=750000, height=1450000)
      cpu.C7.C (C_0201_0603Metric:C_0201_0603Metric) VirtualBoundingBox(x=135475000, y=83725000, width=750000, height=1450000)
    cpu.C8 VirtualBoundingBox(x=136195000, y=82315000, width=1870000, height=970000)
      cpu.C8.C (C_0402_1005Metric:C_0402_1005Metric) VirtualBoundingBox(x=136195000, y=82315000, width=1870000, height=970000)
    cpu.C9 VirtualBoundingBox(x=146675000, y=83025000, width=1450000, height=750000)
      cpu.C9.C (C_0201_0603Metric:C_0201_0603Metric) VirtualBoundingBox(x=146675000, y=83025000, width=1450000, height=750000)
    cpu.L1 VirtualBoundingBox(x=144245000, y=81545000, width=3010000, height=1510000)
      cpu.L1.L (L_0603_1608Metric:L_0603_1608Metric) VirtualBoundingBox(x=144245000, y=81545000, width=3010000, height=1510000)
    cpu.L2 VirtualBoundingBox(x=147205000, y=81130000, width=990000, height=1910000)
      cpu.L2.L (L_0402_1005Metric:L_0402_1005Metric) VirtualBoundingBox(x=147205000, y=81130000, width=990000, height=1910000)
    cpu.X1 VirtualBoundingBox(x=136125000, y=83370000, width=1735000, height=1935000)
      cpu.X1.Y (Crystal_SMD_1210-4Pin_1.2x1.0mm:Crystal_SMD_1210-4Pin_1.2x1.0mm) VirtualBoundingBox(x=136125000, y=83370000, width=1735000, height=1935000)
    cpu.X2 VirtualBoundingBox(x=144255000, y=83405000, width=1735000, height=1935000)
      cpu.X2.Y (Crystal_SMD_1210-4Pin_1.2x1.0mm:Crystal_SMD_1210-4Pin_1.2x1.0mm) VirtualBoundingBox(x=144255000, y=83405000, width=1735000, height=1935000)
    cpu.antenna VirtualBoundingBox(x=118225000, y=80175000, width=19850000, height=6050000)
      cpu.antenna.C3 VirtualBoundingBox(x=136625000, y=80875000, width=1450000, height=750000)
        cpu.antenna.C3.C (C_0201_0603Metric:C_0201_0603Metric) VirtualBoundingBox(x=136625000, y=80875000, width=1450000, height=750000)
      cpu.antenna.C4 VirtualBoundingBox(x=135925000, y=80875000, width=750000, height=1450000)
        cpu.antenna.C4.C (C_0201_0603Metric:C_0201_0603Metric) VirtualBoundingBox(x=135925000, y=80875000, width=750000, height=1450000)
      cpu.antenna.L1 VirtualBoundingBox(x=136625000, y=81575000, width=1450000, height=750000)
        cpu.antenna.L1.L (L_0201_0603Metric:L_0201_0603Metric) VirtualBoundingBox(x=136625000, y=81575000, width=1450000, height=750000)
      cpu.antenna.L2 VirtualBoundingBox(x=135575000, y=80175000, width=1450000, height=750000)
        cpu.antenna.L2.L (L_0201_0603Metric:L_0201_0603Metric) VirtualBoundingBox(x=135575000, y=80175000, width=1450000, height=750000)
      cpu.antenna.J1 (Texas_SWRA117D_2.4GHz_Left:Texas_SWRA117D_2.4GHz_Left) VirtualBoundingBox(x=118225000, y=80225000, width=15550000, height=6000000)
    cpu.U15 (Modified_QFN-40_5.0mmx5.0mm:Modified_QFN-40_5.0mmx5.0mm) VirtualBoundingBox(x=138025000, y=79975000, width=6250000, height=6250000)
  hbt VirtualBoundingBox(x=155572500, y=79922500, width=5802500, height=6255000)
    hbt.C10 VirtualBoundingBox(x=159495000, y=84115000, width=1870000, height=970000)
      hbt.C10.C (C_0402_1005Metric:C_0402_1005Metric) VirtualBoundingBox(x=159495000, y=84115000, width=1870000, height=970000)
    hbt.C11 VirtualBoundingBox(x=159925000, y=85075000, width=1450000, height=750000)
      hbt.C11.C (C_0201_0603Metric:C_0201_0603Metric) VirtualBoundingBox(x=159925000, y=85075000, width=1450000, height=750000)
    hbt.C8 VirtualBoundingBox(x=159567500, y=82277500, width=970000, height=1870000)
      hbt.C8.C (C_0402_1005Metric:C_0402_1005Metric) VirtualBoundingBox(x=159567500, y=82277500, width=970000, height=1870000)
    hbt.C9 VirtualBoundingBox(x=159527500, y=80837500, width=750000, height=1450000)
      hbt.C9.C (C_0201_0603Metric:C_0201_0603Metric) VirtualBoundingBox(x=159527500, y=80837500, width=750000, height=1450000)
    hbt.U4 (Maxim_OLGA-14_3.3x5.6mm_P0.8mm:Maxim_OLGA-14_3.3x5.6mm_P0.8mm) VirtualBoundingBox(x=155572500, y=79922500, width=3955000, height=6255000)
  imu VirtualBoundingBox(x=147725000, y=83040000, width=6810000, height=3135000)
    imu.C5 VirtualBoundingBox(x=147725000, y=84525000, width=750000, height=1450000)
      imu.C5.C (C_0201_0603Metric:C_0201_0603Metric) VirtualBoundingBox(x=147725000, y=84525000, width=750000, height=1450000)
    imu.C6 VirtualBoundingBox(x=151925000, y=84475000, width=750000, height=1450000)
      imu.C6.C (C_0201_0603Metric:C_0201_0603Metric) VirtualBoundingBox(x=151925000, y=84475000, width=750000, height=1450000)
    imu.C7 VirtualBoundingBox(x=152665000, y=84965000, width=1870000, height=970000)
      imu.C7.C (C_0402_1005Metric:C_0402_1005Metric) VirtualBoundingBox(x=152665000, y=84965000, width=1870000, height=970000)
    imu.U3 (LGA-14_3x2.5mm_P0.5mm_LayoutBorder3x4y:LGA-14_3x2.5mm_P0.5mm_LayoutBorder3x4y) VirtualBoundingBox(x=148390000, y=83040000, width=3585000, height=3135000)
  mic VirtualBoundingBox(x=151325000, y=79975000, width=4275000, height=4725000)
    mic.C26 VirtualBoundingBox(x=151325000, y=81725000, width=750000, height=1450000)
      mic.C26.C (C_0201_0603Metric:C_0201_0603Metric) VirtualBoundingBox(x=151325000, y=81725000, width=750000, height=1450000)
    mic.MK1 (Infineon_PG-LLGA-5-1:Infineon_PG-LLGA-5-1) VirtualBoundingBox(x=151875000, y=79975000, width=3725000, height=4725000)
  tmp VirtualBoundingBox(x=147225000, y=79925000, width=4355000, height=2625000)
    tmp.C3 VirtualBoundingBox(x=147225000, y=80275000, width=1450000, height=750000)
      tmp.C3.C (C_0201_0603Metric:C_0201_0603Metric) VirtualBoundingBox(x=147225000, y=80275000, width=1450000, height=750000)
    tmp.U1 (WSON-6-1EP_2x2mm_P0.65mm_EP1x1.6mm:WSON-6-1EP_2x2mm_P0.65mm_EP1x1.6mm) VirtualBoundingBox(x=148645000, y=79925000, width=2935000, height=2625000)
  swd_conn (PinHeader_1x03_P1.00mm_Vertical_SMD_Pin1Left:PinHeader_1x03_P1.00mm_Vertical_SMD_Pin1Left) VirtualBoundingBox(x=138550000, y=80925000, width=4550000, height=4050000)
  Zone:Zone_<pcbnew. (net:2) VirtualBoundingBox(x=134600000, y=80000000, width=33200000, height=6200000)
  Zone:Zone_<pcbnew. (net:0) VirtualBoundingBox(x=135650000, y=83050000, width=2700000, height=2800000)
  Graphic:PCB_SHAPE VirtualBoundingBox(x=135400000, y=80200000, width=100000, height=5800000)
  Graphic:PCB_SHAPE VirtualBoundingBox(x=118200000, y=80200000, width=49650000, height=100000)
  Graphic:PCB_SHAPE VirtualBoundingBox(x=118200000, y=85900000, width=49650000, height=100000)
  Graphic:PCB_SHAPE VirtualBoundingBox(x=118225000, y=79975000, width=49600000, height=6250000)
INFO: Completed ImportNetlist in 0.026 seconds
INFO: --------------------------------------------------------------------------------
INFO: Running step: SyncLayouts
INFO: --------------------------------------------------------------------------------
INFO: Starting SyncLayouts...
DEBUG: Skipping group R1 - not newly added
DEBUG: Skipping group R6 - not newly added
DEBUG: Skipping group TP1 - not newly added
DEBUG: Skipping group batman - not newly added
DEBUG: Skipping group battery - not newly added
DEBUG: Skipping group cpu - not newly added
DEBUG: Skipping group hbt - not newly added
DEBUG: Skipping group imu - not newly added
DEBUG: Skipping group mic - not newly added
DEBUG: Skipping group tmp - not newly added
DEBUG: Skipping group batman.C11 - not newly added
DEBUG: Skipping group batman.C34 - not newly added
DEBUG: Skipping group batman.C4 - not newly added
DEBUG: Skipping group cpu.C1 - not newly added
DEBUG: Skipping group cpu.C10 - not newly added
DEBUG: Skipping group cpu.C11 - not newly added
DEBUG: Skipping group cpu.C12 - not newly added
DEBUG: Skipping group cpu.C13 - not newly added
DEBUG: Skipping group cpu.C2 - not newly added
DEBUG: Skipping group cpu.C4 - not newly added
DEBUG: Skipping group cpu.C5 - not newly added
DEBUG: Skipping group cpu.C6 - not newly added
DEBUG: Skipping group cpu.C7 - not newly added
DEBUG: Skipping group cpu.C8 - not newly added
DEBUG: Skipping group cpu.C9 - not newly added
DEBUG: Skipping group cpu.L1 - not newly added
DEBUG: Skipping group cpu.L2 - not newly added
DEBUG: Skipping group cpu.X1 - not newly added
DEBUG: Skipping group cpu.X2 - not newly added
DEBUG: Skipping group cpu.antenna - not newly added
DEBUG: Skipping group hbt.C10 - not newly added
DEBUG: Skipping group hbt.C11 - not newly added
DEBUG: Skipping group hbt.C8 - not newly added
DEBUG: Skipping group hbt.C9 - not newly added
DEBUG: Skipping group imu.C5 - not newly added
DEBUG: Skipping group imu.C6 - not newly added
DEBUG: Skipping group imu.C7 - not newly added
DEBUG: Skipping group mic.C26 - not newly added
DEBUG: Skipping group tmp.C3 - not newly added
DEBUG: Skipping group cpu.antenna.C3 - not newly added
DEBUG: Skipping group cpu.antenna.C4 - not newly added
DEBUG: Skipping group cpu.antenna.L1 - not newly added
DEBUG: Skipping group cpu.antenna.L2 - not newly added
INFO: Completed layout sync: synced 0 groups
INFO: Completed SyncLayouts in 0.001 seconds
INFO: --------------------------------------------------------------------------------
INFO: Running step: PlaceComponents
INFO: --------------------------------------------------------------------------------
INFO: Starting PlaceComponents...
INFO: Starting hierarchical component placement
INFO: No items were placed
INFO: Completed hierarchical component placement
INFO: Completed PlaceComponents in 0.000 seconds
INFO: --------------------------------------------------------------------------------
INFO: Running step: FinalizeBoard
INFO: --------------------------------------------------------------------------------
INFO: Starting FinalizeBoard...
INFO: Saved layout snapshot to /home/dezash/projects/ring/pcbs/ring/layout/snapshot.layout.json
INFO: Snapshot export took 0.093 seconds
INFO: Board saving took 0.011 seconds
INFO: Completed FinalizeBoard in 0.110 seconds
RENAME: 'battery.bat_vss' -> 'battery.vss' (1 pads)
SUMMARY: 42 unchanged, 1 renamed, 0 split
